============================= test session starts ==============================
platform linux -- Python 3.12.3, pytest-8.4.1, pluggy-1.6.0
rootdir: /home/edson/repos/BE_AqiFome_RESTfull
plugins: anyio-4.9.0, cov-6.2.1
collected 19 items

tests/core/domain/test_cliente.py .                                      [  5%]
tests/core/domain/test_favorito.py .                                     [ 10%]
tests/core/repository/test_cliente_repository.py ........                [ 52%]
tests/core/repository/test_favorito_repository.py ......                 [ 84%]
tests/core/service/test_cliente_service.py .                             [ 89%]
tests/core/service/test_favorito_service.py ..                           [100%]

================================ tests coverage ================================
_______________ coverage: platform linux, python 3.12.3-final-0 ________________

Name                                     Stmts   Miss  Cover   Missing
----------------------------------------------------------------------
core/__init__.py                             0      0   100%
core/config/__init__.py                      0      0   100%
core/config/db.py                            8      0   100%
core/config/settings.py                     32      4    88%   32-33, 39-40
core/domain/__init__.py                      0      0   100%
core/domain/cliente.py                       7      0   100%
core/domain/favorito.py                     11      0   100%
core/repository/__init__.py                  0      0   100%
core/repository/cliente_orm.py               7      0   100%
core/repository/cliente_repository.py       38      2    95%   33-34
core/repository/favorito_orm.py             12      0   100%
core/repository/favorito_repository.py      25      0   100%
core/service/__init__.py                     0      0   100%
core/service/cliente_service.py             17      4    76%   14, 17, 20, 23
core/service/favorito_service.py            14      0   100%
----------------------------------------------------------------------
TOTAL                                      171     10    94%
============================== 19 passed in 1.08s ==============================
